2026-04-22 22:31:49 [ERROR] custom.json não encontrado em /home/jeiel2013/Documentos/Projetos/Pessoais/AutomacaoGestos/gestures/custom.json
2026-04-22 22:43:58 [ERROR] custom.json não encontrado em /home/jeiel2013/Documentos/Projetos/Pessoais/AutomacaoGestos/gestures/custom.json
2026-04-22 22:47:58 [ERROR] custom.json não encontrado em /home/jeiel2013/Documentos/Projetos/Pessoais/AutomacaoGestos/gestures/custom.json
2026-04-22 22:48:11 [ERROR] custom.json não encontrado em /home/jeiel2013/Documentos/Projetos/Pessoais/AutomacaoGestos/gestures/custom.json
2026-04-23 17:53:17 [ERROR] custom.json não encontrado em /home/jeiel2013/Documentos/Projetos/Pessoais/AutomacaoGestos/gestures/custom.json
2026-04-23 17:55:29 [ERROR] custom.json não encontrado em /home/jeiel2013/Documentos/Projetos/Pessoais/AutomacaoGestos/gestures/custom.json
2026-04-23 17:55:42 [ERROR] custom.json não encontrado em /home/jeiel2013/Documentos/Projetos/Pessoais/AutomacaoGestos/gestures/custom.json
2026-04-23 17:55:55 [ERROR] custom.json não encontrado em /home/jeiel2013/Documentos/Projetos/Pessoais/AutomacaoGestos/gestures/custom.json
2026-04-23 17:57:14 [ERROR] custom.json não encontrado em /home/jeiel2013/Documentos/Projetos/Pessoais/AutomacaoGestos/gestures/custom.json
2026-04-23 17:57:27 [ERROR] custom.json não encontrado em /home/jeiel2013/Documentos/Projetos/Pessoais/AutomacaoGestos/gestures/custom.json
2026-04-23 17:57:40 [ERROR] custom.json não encontrado em /home/jeiel2013/Documentos/Projetos/Pessoais/AutomacaoGestos/gestures/custom.json
2026-04-23 17:57:53 [ERROR] custom.json não encontrado em /home/jeiel2013/Documentos/Projetos/Pessoais/AutomacaoGestos/gestures/custom.json
2026-04-23 17:58:06 [ERROR] custom.json não encontrado em /home/jeiel2013/Documentos/Projetos/Pessoais/AutomacaoGestos/gestures/custom.json
2026-04-23 17:58:19 [ERROR] custom.json não encontrado em /home/jeiel2013/Documentos/Projetos/Pessoais/AutomacaoGestos/gestures/custom.json
2026-04-23 17:58:32 [ERROR] custom.json não encontrado em /home/jeiel2013/Documentos/Projetos/Pessoais/AutomacaoGestos/gestures/custom.json
2026-04-23 17:58:45 [ERROR] custom.json não encontrado em /home/jeiel2013/Documentos/Projetos/Pessoais/AutomacaoGestos/gestures/custom.json
2026-04-23 17:58:58 [ERROR] custom.json não encontrado em /home/jeiel2013/Documentos/Projetos/Pessoais/AutomacaoGestos/gestures/custom.json
2026-04-23 17:59:11 [ERROR] custom.json não encontrado em /home/jeiel2013/Documentos/Projetos/Pessoais/AutomacaoGestos/gestures/custom.json
2026-04-23 17:59:24 [ERROR] custom.json não encontrado em /home/jeiel2013/Documentos/Projetos/Pessoais/AutomacaoGestos/gestures/custom.json
2026-04-23 17:59:37 [ERROR] custom.json não encontrado em /home/jeiel2013/Documentos/Projetos/Pessoais/AutomacaoGestos/gestures/custom.json
2026-04-23 17:59:50 [ERROR] custom.json não encontrado em /home/jeiel2013/Documentos/Projetos/Pessoais/AutomacaoGestos/gestures/custom.json
2026-04-23 18:00:03 [ERROR] custom.json não encontrado em /home/jeiel2013/Documentos/Projetos/Pessoais/AutomacaoGestos/gestures/custom.json
2026-04-23 18:12:20 [INFO] Iniciado (PID 91307).
2026-04-23 18:16:20 [INFO] Iniciado (PID 92686).
2026-04-23 18:16:27 [INFO] Estático:  SCROLL_CIMA               → ['SCROLL', 'up']
2026-04-23 18:16:28 [INFO] Estático:  CONFIRMAR                 → ['KEY', 'enter']
2026-04-23 18:16:29 [INFO] Estático:  SCROLL_CIMA               → ['SCROLL', 'up']
2026-04-23 18:16:31 [INFO] Estático:  FECHAR_JANELA             → ['KEY', 'alt+F4']
2026-04-23 18:16:38 [INFO] Dinâmico: SWIPE_RAPIDO_BAIXO        → ['KEY', 'super+down']
2026-04-23 18:16:39 [INFO] Estático:  DELETAR                   → ['KEY', 'delete']
2026-04-23 18:17:41 [INFO] Estático:  MAXIMIZAR                 → ['KEY', 'super+up']
2026-04-23 18:17:48 [INFO] Estático:  CAPTURA_TELA              → ['CMD', 'gnome-screenshot', '-i']
2026-04-23 18:18:01 [INFO] Estático:  MAXIMIZAR                 → ['KEY', 'super+up']
2026-04-23 18:18:03 [INFO] Estático:  MAXIMIZAR                 → ['KEY', 'super+up']
2026-04-23 18:18:06 [INFO] Estático:  MAXIMIZAR                 → ['KEY', 'super+up']
2026-04-23 18:18:19 [INFO] Estático:  NOVA_ABA                  → ['KEY', 'ctrl+t']
2026-04-23 18:18:21 [INFO] Estático:  NOVA_ABA                  → ['KEY', 'ctrl+t']
2026-04-23 18:18:33 [INFO] Estático:  DELETAR                   → ['KEY', 'delete']
2026-04-23 18:18:48 [INFO] Estático:  SCROLL_CIMA               → ['SCROLL', 'up']
2026-04-23 18:18:50 [INFO] Estático:  DESFAZER                  → ['KEY', 'ctrl+z']
2026-04-23 18:18:59 [INFO] Estático:  MAXIMIZAR                 → ['KEY', 'super+up']
2026-04-23 18:19:00 [INFO] Estático:  DELETAR                   → ['KEY', 'delete']
2026-04-23 18:19:02 [INFO] Estático:  DELETAR                   → ['KEY', 'delete']
2026-04-23 18:19:03 [INFO] Estático:  CONFIRMAR                 → ['KEY', 'enter']
2026-04-23 18:19:07 [INFO] Estático:  CONFIRMAR                 → ['KEY', 'enter']
2026-04-23 18:19:08 [INFO] Estático:  DELETAR                   → ['KEY', 'delete']
2026-04-23 18:19:15 [INFO] Estático:  DELETAR                   → ['KEY', 'delete']
2026-04-23 18:19:16 [INFO] Estático:  DELETAR                   → ['KEY', 'delete']
2026-04-23 18:19:17 [INFO] Estático:  DELETAR                   → ['KEY', 'delete']
2026-04-23 18:19:18 [INFO] Estático:  DELETAR                   → ['KEY', 'delete']
2026-04-23 18:19:25 [INFO] Estático:  WORKSPACE_DIR             → ['KEY', 'super+ctrl+right']
2026-04-23 18:19:27 [INFO] Estático:  WORKSPACE_DIR             → ['KEY', 'super+ctrl+right']
2026-04-23 18:19:31 [INFO] Estático:  MAXIMIZAR                 → ['KEY', 'super+up']
2026-04-23 18:19:43 [INFO] Estático:  TROCAR_JANELA             → ['KEY', 'alt+tab']
2026-04-23 18:19:44 [INFO] Estático:  FECHAR_JANELA             → ['KEY', 'alt+F4']
2026-04-23 18:19:46 [INFO] Estático:  CONFIRMAR                 → ['KEY', 'enter']
2026-04-23 18:19:48 [INFO] Estático:  TROCAR_JANELA             → ['KEY', 'alt+tab']
2026-04-23 18:19:49 [INFO] Dinâmico: TILT_ESQUERDA             → ['KEY', 'super+ctrl+left']
2026-04-23 18:19:52 [INFO] Estático:  FECHAR_JANELA             → ['KEY', 'alt+F4']
2026-04-23 18:20:01 [INFO] Estático:  DELETAR                   → ['KEY', 'delete']
2026-04-23 18:20:02 [INFO] Estático:  DELETAR                   → ['KEY', 'delete']
2026-04-23 18:20:04 [INFO] Estático:  DELETAR                   → ['KEY', 'delete']
